# JRE version: Java(TM) SE Runtime Environment (20.0+36) (build 20+36-2344)
# Java VM: Java HotSpot(TM) 64-Bit Server VM (20+36-2344, mixed mode, sharing, tiered, compressed oops, compressed class ptrs, parallel gc, bsd-amd64)
GC Precious Log:
 CardTable entry size: 512
 CPUs: 8 total, 8 available
 Memory: 16384M
 Large Page Support: Disabled
 NUMA Support: Disabled
 Compressed Oops: Enabled (Zero based)
 Alignments: Space 512K, Generation 512K, Heap 2M
 Heap Min Capacity: 100M
 Heap Initial Capacity: 100M
 Heap Max Capacity: 1G
 Pre-touch: Disabled
 Parallel Workers: 8
Heap:
 PSYoungGen      total 24064K, used 24006K [0x00000007eab00000, 0x00000007ec900000, 0x0000000800000000)
  eden space 18944K, 99% used [0x00000007eab00000,0x00000007ebd7ffa8,0x00000007ebd80000)
  from space 5120K, 98% used [0x00000007ec300000,0x00000007ec7f1a60,0x00000007ec800000)
  to   space 5632K, 74% used [0x00000007ebd80000,0x00000007ec192da0,0x00000007ec300000)
 ParOldGen       total 204288K, used 201512K [0x00000007c0000000, 0x00000007cc780000, 0x00000007eab00000)
  object space 204288K, 98% used [0x00000007c0000000,0x00000007cc4ca178,0x00000007cc780000)
 Metaspace       used 86215K, committed 87488K, reserved 1179648K
  class space    used 8001K, committed 8640K, reserved 1048576K
GC Heap History (20 events):
Event: 38941.638 GC heap after
{Heap after GC invocations=53716 (full 1307):
 PSYoungGen      total 22528K, used 3066K [0x00000007eab00000, 0x00000007ec600000, 0x0000000800000000)
  eden space 19456K, 0% used [0x00000007eab00000,0x00000007eab00000,0x00000007ebe00000)
  from space 3072K, 99% used [0x00000007ebe00000,0x00000007ec0fe820,0x00000007ec100000)
  to   space 4096K, 0% used [0x00000007ec200000,0x00000007ec200000,0x00000007ec600000)
 ParOldGen       total 204288K, used 194951K [0x00000007c0000000, 0x00000007cc780000, 0x00000007eab00000)
  object space 204288K, 95% used [0x00000007c0000000,0x00000007cbe61da0,0x00000007cc780000)
 Metaspace       used 86215K, committed 87488K, reserved 1179648K
  class space    used 8001K, committed 8640K, reserved 1048576K
}
Event: 38941.977 GC heap before
{Heap before GC invocations=53717 (full 1307):
 PSYoungGen      total 22528K, used 22522K [0x00000007eab00000, 0x00000007ec600000, 0x0000000800000000)
  eden space 19456K, 100% used [0x00000007eab00000,0x00000007ebe00000,0x00000007ebe00000)
  from space 3072K, 99% used [0x00000007ebe00000,0x00000007ec0fe820,0x00000007ec100000)
  to   space 4096K, 0% used [0x00000007ec200000,0x00000007ec200000,0x00000007ec600000)
 ParOldGen       total 204288K, used 194951K [0x00000007c0000000, 0x00000007cc780000, 0x00000007eab00000)
  object space 204288K, 95% used [0x00000007c0000000,0x00000007cbe61da0,0x00000007cc780000)
 Metaspace       used 86215K, committed 87488K, reserved 1179648K
  class space    used 8001K, committed 8640K, reserved 1048576K
}
Event: 38941.980 GC heap after
{Heap after GC invocations=53717 (full 1307):
 PSYoungGen      total 24064K, used 3418K [0x00000007eab00000, 0x00000007ec600000, 0x0000000800000000)
  eden space 19968K, 0% used [0x00000007eab00000,0x00000007eab00000,0x00000007ebe80000)
  from space 4096K, 83% used [0x00000007ec200000,0x00000007ec556840,0x00000007ec600000)
  to   space 3584K, 0% used [0x00000007ebe80000,0x00000007ebe80000,0x00000007ec200000)
 ParOldGen       total 204288K, used 195696K [0x00000007c0000000, 0x00000007cc780000, 0x00000007eab00000)
  object space 204288K, 95% used [0x00000007c0000000,0x00000007cbf1c110,0x00000007cc780000)
 Metaspace       used 86215K, committed 87488K, reserved 1179648K
  class space    used 8001K, committed 8640K, reserved 1048576K
}
Event: 38942.475 GC heap before
{Heap before GC invocations=53718 (full 1307):
 PSYoungGen      total 24064K, used 23386K [0x00000007eab00000, 0x00000007ec600000, 0x0000000800000000)
  eden space 19968K, 100% used [0x00000007eab00000,0x00000007ebe80000,0x00000007ebe80000)
  from space 4096K, 83% used [0x00000007ec200000,0x00000007ec556840,0x00000007ec600000)
  to   space 3584K, 0% used [0x00000007ebe80000,0x00000007ebe80000,0x00000007ec200000)
 ParOldGen       total 204288K, used 195696K [0x00000007c0000000, 0x00000007cc780000, 0x00000007eab00000)
  object space 204288K, 95% used [0x00000007c0000000,0x00000007cbf1c110,0x00000007cc780000)
 Metaspace       used 86215K, committed 87488K, reserved 1179648K
  class space    used 8001K, committed 8640K, reserved 1048576K
}
Event: 38942.478 GC heap after
{Heap after GC invocations=53718 (full 1307):
 PSYoungGen      total 23552K, used 3579K [0x00000007eab00000, 0x00000007ec980000, 0x0000000800000000)
  eden space 19968K, 0% used [0x00000007eab00000,0x00000007eab00000,0x00000007ebe80000)
  from space 3584K, 99% used [0x00000007ebe80000,0x00000007ec1fedb0,0x00000007ec200000)
  to   space 5120K, 0% used [0x00000007ec480000,0x00000007ec480000,0x00000007ec980000)
 ParOldGen       total 204288K, used 196620K [0x00000007c0000000, 0x00000007cc780000, 0x00000007eab00000)
  object space 204288K, 96% used [0x00000007c0000000,0x00000007cc0030b0,0x00000007cc780000)
 Metaspace       used 86215K, committed 87488K, reserved 1179648K
  class space    used 8001K, committed 8640K, reserved 1048576K
}
Event: 38942.921 GC heap before
{Heap before GC invocations=53719 (full 1307):
 PSYoungGen      total 23552K, used 23547K [0x00000007eab00000, 0x00000007ec980000, 0x0000000800000000)
  eden space 19968K, 100% used [0x00000007eab00000,0x00000007ebe80000,0x00000007ebe80000)
  from space 3584K, 99% used [0x00000007ebe80000,0x00000007ec1fedb0,0x00000007ec200000)
  to   space 5120K, 0% used [0x00000007ec480000,0x00000007ec480000,0x00000007ec980000)
 ParOldGen       total 204288K, used 196620K [0x00000007c0000000, 0x00000007cc780000, 0x00000007eab00000)
  object space 204288K, 96% used [0x00000007c0000000,0x00000007cc0030b0,0x00000007cc780000)
 Metaspace       used 86215K, committed 87488K, reserved 1179648K
  class space    used 8001K, committed 8640K, reserved 1048576K
}
Event: 38942.925 GC heap after
{Heap after GC invocations=53719 (full 1307):
 PSYoungGen      total 25088K, used 5114K [0x00000007eab00000, 0x00000007ecb00000, 0x0000000800000000)
  eden space 19968K, 0% used [0x00000007eab00000,0x00000007eab00000,0x00000007ebe80000)
  from space 5120K, 99% used [0x00000007ec480000,0x00000007ec97ebf8,0x00000007ec980000)
  to   space 6144K, 0% used [0x00000007ebe80000,0x00000007ebe80000,0x00000007ec480000)
 ParOldGen       total 204288K, used 196941K [0x00000007c0000000, 0x00000007cc780000, 0x00000007eab00000)
  object space 204288K, 96% used [0x00000007c0000000,0x00000007cc053420,0x00000007cc780000)
 Metaspace       used 86215K, committed 87488K, reserved 1179648K
  class space    used 8001K, committed 8640K, reserved 1048576K
}
Event: 38942.971 GC heap before
{Heap before GC invocations=53720 (full 1307):
 PSYoungGen      total 25088K, used 25082K [0x00000007eab00000, 0x00000007ecb00000, 0x0000000800000000)
  eden space 19968K, 100% used [0x00000007eab00000,0x00000007ebe80000,0x00000007ebe80000)
  from space 5120K, 99% used [0x00000007ec480000,0x00000007ec97ebf8,0x00000007ec980000)
  to   space 6144K, 0% used [0x00000007ebe80000,0x00000007ebe80000,0x00000007ec480000)
 ParOldGen       total 204288K, used 196941K [0x00000007c0000000, 0x00000007cc780000, 0x00000007eab00000)
  object space 204288K, 96% used [0x00000007c0000000,0x00000007cc053420,0x00000007cc780000)
 Metaspace       used 86215K, committed 87488K, reserved 1179648K
  class space    used 8001K, committed 8640K, reserved 1048576K
}
Event: 38942.973 GC heap after
{Heap after GC invocations=53720 (full 1307):
 PSYoungGen      total 24064K, used 3961K [0x00000007eab00000, 0x00000007ec880000, 0x0000000800000000)
  eden space 19968K, 0% used [0x00000007eab00000,0x00000007eab00000,0x00000007ebe80000)
  from space 4096K, 96% used [0x00000007ebe80000,0x00000007ec25e688,0x00000007ec280000)
  to   space 4608K, 0% used [0x00000007ec400000,0x00000007ec400000,0x00000007ec880000)
 ParOldGen       total 204288K, used 197895K [0x00000007c0000000, 0x00000007cc780000, 0x00000007eab00000)
  object space 204288K, 96% used [0x00000007c0000000,0x00000007cc141e90,0x00000007cc780000)
 Metaspace       used 86215K, committed 87488K, reserved 1179648K
  class space    used 8001K, committed 8640K, reserved 1048576K
}
Event: 38943.855 GC heap before
{Heap before GC invocations=53721 (full 1307):
 PSYoungGen      total 24064K, used 23929K [0x00000007eab00000, 0x00000007ec880000, 0x0000000800000000)
  eden space 19968K, 100% used [0x00000007eab00000,0x00000007ebe80000,0x00000007ebe80000)
  from space 4096K, 96% used [0x00000007ebe80000,0x00000007ec25e688,0x00000007ec280000)
  to   space 4608K, 0% used [0x00000007ec400000,0x00000007ec400000,0x00000007ec880000)
 ParOldGen       total 204288K, used 197895K [0x00000007c0000000, 0x00000007cc780000, 0x00000007eab00000)
  object space 204288K, 96% used [0x00000007c0000000,0x00000007cc141e90,0x00000007cc780000)
 Metaspace       used 86215K, committed 87488K, reserved 1179648K
  class space    used 8001K, committed 8640K, reserved 1048576K
}
Event: 38943.858 GC heap after
{Heap after GC invocations=53721 (full 1307):
 PSYoungGen      total 25088K, used 4555K [0x00000007eab00000, 0x00000007ec900000, 0x0000000800000000)
  eden space 20480K, 0% used [0x00000007eab00000,0x00000007eab00000,0x00000007ebf00000)
  from space 4608K, 98% used [0x00000007ec400000,0x00000007ec872dc0,0x00000007ec880000)
  to   space 5120K, 0% used [0x00000007ebf00000,0x00000007ebf00000,0x00000007ec400000)
 ParOldGen       total 204288K, used 197895K [0x00000007c0000000, 0x00000007cc780000, 0x00000007eab00000)
  object space 204288K, 96% used [0x00000007c0000000,0x00000007cc141e90,0x00000007cc780000)
 Metaspace       used 86215K, committed 87488K, reserved 1179648K
  class space    used 8001K, committed 8640K, reserved 1048576K
}
Event: 38944.039 GC heap before
{Heap before GC invocations=53722 (full 1307):
 PSYoungGen      total 25088K, used 25035K [0x00000007eab00000, 0x00000007ec900000, 0x0000000800000000)
  eden space 20480K, 100% used [0x00000007eab00000,0x00000007ebf00000,0x00000007ebf00000)
  from space 4608K, 98% used [0x00000007ec400000,0x00000007ec872dc0,0x00000007ec880000)
  to   space 5120K, 0% used [0x00000007ebf00000,0x00000007ebf00000,0x00000007ec400000)
 ParOldGen       total 204288K, used 197895K [0x00000007c0000000, 0x00000007cc780000, 0x00000007eab00000)
  object space 204288K, 96% used [0x00000007c0000000,0x00000007cc141e90,0x00000007cc780000)
 Metaspace       used 86215K, committed 87488K, reserved 1179648K
  class space    used 8001K, committed 8640K, reserved 1048576K
}
Event: 38944.042 GC heap after
{Heap after GC invocations=53722 (full 1307):
 PSYoungGen      total 25600K, used 5115K [0x00000007eab00000, 0x00000007eca80000, 0x0000000800000000)
  eden space 20480K, 0% used [0x00000007eab00000,0x00000007eab00000,0x00000007ebf00000)
  from space 5120K, 99% used [0x00000007ebf00000,0x00000007ec3fedb0,0x00000007ec400000)
  to   space 5632K, 0% used [0x00000007ec500000,0x00000007ec500000,0x00000007eca80000)
 ParOldGen       total 204288K, used 198167K [0x00000007c0000000, 0x00000007cc780000, 0x00000007eab00000)
  object space 204288K, 97% used [0x00000007c0000000,0x00000007cc185eb0,0x00000007cc780000)
 Metaspace       used 86215K, committed 87488K, reserved 1179648K
  class space    used 8001K, committed 8640K, reserved 1048576K
}
Event: 38944.858 GC heap before
{Heap before GC invocations=53723 (full 1307):
 PSYoungGen      total 25600K, used 25591K [0x00000007eab00000, 0x00000007eca80000, 0x0000000800000000)
  eden space 20480K, 99% used [0x00000007eab00000,0x00000007ebeff240,0x00000007ebf00000)
  from space 5120K, 99% used [0x00000007ebf00000,0x00000007ec3fedb0,0x00000007ec400000)
  to   space 5632K, 0% used [0x00000007ec500000,0x00000007ec500000,0x00000007eca80000)
 ParOldGen       total 204288K, used 198167K [0x00000007c0000000, 0x00000007cc780000, 0x00000007eab00000)
  object space 204288K, 97% used [0x00000007c0000000,0x00000007cc185eb0,0x00000007cc780000)
 Metaspace       used 86215K, committed 87488K, reserved 1179648K
  class space    used 8001K, committed 8640K, reserved 1048576K
}
Event: 38944.861 GC heap after
{Heap after GC invocations=53723 (full 1307):
 PSYoungGen      total 24064K, used 5622K [0x00000007eab00000, 0x00000007ecf80000, 0x0000000800000000)
  eden space 18432K, 0% used [0x00000007eab00000,0x00000007eab00000,0x00000007ebd00000)
  from space 5632K, 99% used [0x00000007ec500000,0x00000007eca7d960,0x00000007eca80000)
  to   space 8192K, 0% used [0x00000007ebd00000,0x00000007ebd00000,0x00000007ec500000)
 ParOldGen       total 204288K, used 200147K [0x00000007c0000000, 0x00000007cc780000, 0x00000007eab00000)
  object space 204288K, 97% used [0x00000007c0000000,0x00000007cc374e40,0x00000007cc780000)
 Metaspace       used 86215K, committed 87488K, reserved 1179648K
  class space    used 8001K, committed 8640K, reserved 1048576K
}
Event: 38944.879 GC heap before
{Heap before GC invocations=53724 (full 1307):
 PSYoungGen      total 24064K, used 24054K [0x00000007eab00000, 0x00000007ecf80000, 0x0000000800000000)
  eden space 18432K, 100% used [0x00000007eab00000,0x00000007ebd00000,0x00000007ebd00000)
  from space 5632K, 99% used [0x00000007ec500000,0x00000007eca7d960,0x00000007eca80000)
  to   space 8192K, 0% used [0x00000007ebd00000,0x00000007ebd00000,0x00000007ec500000)
 ParOldGen       total 204288K, used 200147K [0x00000007c0000000, 0x00000007cc780000, 0x00000007eab00000)
  object space 204288K, 97% used [0x00000007c0000000,0x00000007cc374e40,0x00000007cc780000)
 Metaspace       used 86215K, committed 87488K, reserved 1179648K
  class space    used 8001K, committed 8640K, reserved 1048576K
}
Event: 38944.881 GC heap after
{Heap after GC invocations=53724 (full 1307):
 PSYoungGen      total 22016K, used 3192K [0x00000007eab00000, 0x00000007ec800000, 0x0000000800000000)
  eden space 18432K, 0% used [0x00000007eab00000,0x00000007eab00000,0x00000007ebd00000)
  from space 3584K, 89% used [0x00000007ebd00000,0x00000007ec01e218,0x00000007ec080000)
  to   space 5120K, 0% used [0x00000007ec300000,0x00000007ec300000,0x00000007ec800000)
 ParOldGen       total 204288K, used 201340K [0x00000007c0000000, 0x00000007cc780000, 0x00000007eab00000)
  object space 204288K, 98% used [0x00000007c0000000,0x00000007cc49f160,0x00000007cc780000)
 Metaspace       used 86215K, committed 87488K, reserved 1179648K
  class space    used 8001K, committed 8640K, reserved 1048576K
}
Event: 38944.896 GC heap before
{Heap before GC invocations=53725 (full 1307):
 PSYoungGen      total 22016K, used 21001K [0x00000007eab00000, 0x00000007ec800000, 0x0000000800000000)
  eden space 18432K, 96% used [0x00000007eab00000,0x00000007ebc64330,0x00000007ebd00000)
  from space 3584K, 89% used [0x00000007ebd00000,0x00000007ec01e218,0x00000007ec080000)
  to   space 5120K, 0% used [0x00000007ec300000,0x00000007ec300000,0x00000007ec800000)
 ParOldGen       total 204288K, used 201340K [0x00000007c0000000, 0x00000007cc780000, 0x00000007eab00000)
  object space 204288K, 98% used [0x00000007c0000000,0x00000007cc49f160,0x00000007cc780000)
 Metaspace       used 86215K, committed 87488K, reserved 1179648K
  class space    used 8001K, committed 8640K, reserved 1048576K
}
Event: 38944.898 GC heap after
{Heap after GC invocations=53725 (full 1307):
 PSYoungGen      total 24064K, used 5062K [0x00000007eab00000, 0x00000007ec900000, 0x0000000800000000)
  eden space 18944K, 0% used [0x00000007eab00000,0x00000007eab00000,0x00000007ebd80000)
  from space 5120K, 98% used [0x00000007ec300000,0x00000007ec7f1a60,0x00000007ec800000)
  to   space 5632K, 0% used [0x00000007ebd80000,0x00000007ebd80000,0x00000007ec300000)
 ParOldGen       total 204288K, used 201512K [0x00000007c0000000, 0x00000007cc780000, 0x00000007eab00000)
  object space 204288K, 98% used [0x00000007c0000000,0x00000007cc4ca178,0x00000007cc780000)
 Metaspace       used 86215K, committed 87488K, reserved 1179648K
  class space    used 8001K, committed 8640K, reserved 1048576K
}
Event: 38945.979 GC heap before
{Heap before GC invocations=53726 (full 1307):
 PSYoungGen      total 24064K, used 24006K [0x00000007eab00000, 0x00000007ec900000, 0x0000000800000000)
  eden space 18944K, 99% used [0x00000007eab00000,0x00000007ebd7ffa8,0x00000007ebd80000)
  from space 5120K, 98% used [0x00000007ec300000,0x00000007ec7f1a60,0x00000007ec800000)
  to   space 5632K, 0% used [0x00000007ebd80000,0x00000007ebd80000,0x00000007ec300000)
 ParOldGen       total 204288K, used 201512K [0x00000007c0000000, 0x00000007cc780000, 0x00000007eab00000)
  object space 204288K, 98% used [0x00000007c0000000,0x00000007cc4ca178,0x00000007cc780000)
 Metaspace       used 86215K, committed 87488K, reserved 1179648K
  class space    used 8001K, committed 8640K, reserved 1048576K
}

